[2018-10-23 14:00:37] name.INFO: Se ha guardado una nueva imagen1540303236 índice2.jpeg [] []
[2018-10-25 14:35:13] name.INFO: Se ha guardado una nueva imagen1540478113 Cta3a_OXgAEOroQ.jpg [] []
[2018-10-25 14:35:31] name.INFO: Se ha guardado una nueva imagen1540478131 índice2.jpeg [] []
[2018-10-25 15:26:50] name.INFO: Se ha guardado una nueva imagen1540481210 Cta3a_OXgAEOroQ.jpg [] []
[2018-10-25 15:28:04] name.INFO: Se ha guardado una nueva imagen1540481283 índice.jpeg [] []
[2018-10-26 15:36:37] name.INFO: Se ha guardado una nueva imagen1540568197 índice.jpeg [] []
[2018-10-26 15:39:30] name.INFO: Se ha guardado un nuevo asociadoasdas [] []
[2018-10-29 18:21:09] name.INFO: Se ha guardado una nueva imagen1540837269 Cta3a_OXgAEOroQ.jpg [] []
[2018-10-29 18:42:43] name.INFO: Se ha guardado una nueva imagen1540838563 índice2.jpeg [] []
[2018-10-29 18:43:50] name.INFO: Se ha guardado un nuevo asociado Nuevo asociado [] []
[2018-10-30 15:38:18] name.INFO: Se ha guardado una nueva imagen1540913898 índice2.jpeg [] []
[2018-10-30 15:39:38] name.INFO: Se ha guardado una nueva imagen1540913978 Cta3a_OXgAEOroQ.jpg [] []
[2018-10-30 15:48:05] name.INFO: Se ha guardado una nueva imagenPepeweb.jpg [] []
[2018-10-30 15:49:01] name.INFO: Se ha guardado una nueva imagen1540914541 Cta3a_OXgAEOroQ.jpg [] []
[2018-10-30 15:49:13] name.INFO: Se ha guardado una nueva imagenDff2A53WAAE61Tf.jpg [] []
[2018-11-02 14:20:36] name.INFO: Se ha guardado una nueva imagen1541168436 Cta3a_OXgAEOroQ.jpg [] []
[2018-11-02 14:21:20] name.INFO: Se ha guardado una nueva imagen1541168480 Cta3a_OXgAEOroQ.jpg [] []
[2018-11-02 14:58:02] name.INFO: Se ha guardado una nueva imagen1541170682 Cta3a_OXgAEOroQ.jpg [] []
[2018-11-02 18:10:26] name.INFO: Se ha guardado una nueva imagenpinguinisOKOK-1000x600.jpg [] []
[2018-11-02 18:10:32] name.INFO: Se ha guardado una nueva imagendorito.jpeg [] []
[2018-11-02 18:10:44] name.INFO: Se ha guardado una nueva imagenque-come-pinguino.jpg [] []
[2018-11-02 18:11:21] name.INFO: Se ha guardado una nueva imagenpinguinoss.jpg [] []
[2018-11-02 18:12:05] name.INFO: Se ha guardado una nueva imagen1541182325 videos-de-pinguinos-770x430.jpg [] []
[2018-11-02 18:12:16] name.INFO: Se ha guardado una nueva imagenWhatsApp Image 2018-10-21 at 22.40.45.jpeg [] []
[2018-11-02 18:13:12] name.INFO: Se ha guardado una nueva imagenpepebailando.gif [] []
[2018-11-02 18:14:48] name.INFO: Se ha guardado una nueva imagen1541182488 Cta3a_OXgAEOroQ.jpg [] []
[2018-11-02 18:16:55] name.INFO: Se ha guardado una nueva imagen1541182615 Cta3a_OXgAEOroQ.jpg [] []
[2018-11-02 18:17:02] name.INFO: Se ha guardado una nueva imagen1541182622 pinguinoss.jpg [] []
[2018-11-02 18:17:10] name.INFO: Se ha guardado una nueva imagen1541182630 dorito.jpeg [] []
[2018-11-02 18:17:18] name.INFO: Se ha guardado una nueva imagen1541182638 pinguinisOKOK-1000x600.jpg [] []
[2018-11-02 18:17:27] name.INFO: Se ha guardado una nueva imagen1541182647 que-come-pinguino.jpg [] []
[2018-11-02 18:17:29] name.INFO: Se ha guardado una nueva imagen1541182649 videos-de-pinguinos-770x430.jpg [] []
[2018-11-02 18:17:38] name.INFO: Se ha guardado una nueva imagen1541182658 pepebailando.gif [] []
[2018-11-02 18:17:54] name.INFO: Se ha guardado una nueva imagen5898a6d884d28.jpeg [] []
[2018-11-02 18:18:09] name.INFO: Se ha guardado una nueva imagen1541182689 pinguinisOKOK-1000x600.jpg [] []
[2018-11-02 18:18:24] name.INFO: Se ha guardado una nueva imagen1541182704 que-come-pinguino.jpg [] []
[2018-11-02 18:31:41] name.INFO: Se ha guardado una nueva imagen1541183501 pinguinisOKOK-1000x600.jpg [] []
[2018-11-02 18:31:54] name.INFO: Se ha guardado una nueva imagen1541183514 que-come-pinguino.jpg [] []
[2018-11-02 18:32:10] name.INFO: Se ha guardado una nueva imagen1541183530 pinguinoss.jpg [] []
[2018-11-02 18:32:40] name.INFO: Se ha guardado una nueva imagen1541183560 videos-de-pinguinos-770x430.jpg [] []
[2018-11-02 18:34:26] name.INFO: Se ha guardado una nueva imagenpinguinisOKOK-1000x600.jpg [] []
[2018-11-02 18:34:30] name.INFO: Se ha guardado una nueva imagenpinguinoss.jpg [] []
[2018-11-02 18:34:33] name.INFO: Se ha guardado una nueva imagenque-come-pinguino.jpg [] []
[2018-11-02 18:34:41] name.INFO: Se ha guardado una nueva imagenvideos-de-pinguinos-770x430.jpg [] []
[2018-11-02 18:34:44] name.INFO: Se ha guardado una nueva imagenpepebailando.gif [] []
[2018-11-02 18:34:50] name.INFO: Se ha guardado una nueva imagenCta3a_OXgAEOroQ.jpg [] []
[2018-11-02 18:34:54] name.INFO: Se ha guardado una nueva imagendorito.jpeg [] []
[2018-11-02 18:35:08] name.INFO: Se ha guardado una nueva imagen1541183708 pepebailando.gif [] []
[2018-11-02 18:35:20] name.INFO: Se ha guardado una nueva imagen1541183720 pinguinisOKOK-1000x600.jpg [] []
[2018-11-02 18:36:04] name.INFO: Se ha guardado un nuevo asociado Asociado 1 [] []
[2018-11-02 18:36:49] name.INFO: Se ha guardado un nuevo asociado Asociado 2 [] []
[2018-11-02 18:37:04] name.INFO: Se ha guardado un nuevo asociado Asociado 3 [] []
[2018-11-02 18:37:29] name.INFO: Se ha guardado un nuevo asociado Asociado 4 [] []
[2018-11-02 18:39:44] name.INFO: Se ha guardado una nueva imagen1541183984 pinguinoss.jpg [] []
[2018-11-02 18:40:21] name.INFO: Se ha guardado una nueva imagen4541496742708-Pinguino.jpg [] []
[2018-11-02 18:48:29] name.INFO: Se ha guardado una nueva imagen1541184509 4541496742708-Pinguino.jpg [] []
[2018-11-02 18:48:42] name.INFO: Se ha guardado una nueva imagenlog4.jpg [] []
[2018-11-02 18:49:15] name.INFO: Se ha guardado un nuevo asociado Nuevo Asociado [] []
[2018-11-02 18:51:29] name.INFO: Se ha guardado una nueva imagen1541184689 que-come-pinguino.jpg [] []
[2018-11-02 18:51:56] name.INFO: Se ha guardado una nueva imagen1541184716 que-come-pinguino.jpg [] []
[2018-11-02 18:53:53] name.INFO: Se ha guardado una nueva imagen1541184833 que-come-pinguino.jpg [] []
[2018-11-02 18:55:03] name.INFO: Se ha guardado una nueva imagen1541184903 pinguinoss.jpg [] []
[2018-11-02 19:02:47] name.INFO: Se ha guardado una nueva imagen1541185367 pinguinisOKOK-1000x600.jpg [] []
[2018-11-02 19:02:53] name.INFO: Se ha guardado una nueva imagen1541185373 Cta3a_OXgAEOroQ.jpg [] []
[2018-11-02 19:03:12] name.INFO: Se ha guardado un nuevo asociado Probando asociados [] []
[2018-11-02 19:20:16] name.INFO: Se ha guardado una nueva imagen1541186416 4541496742708-Pinguino.jpg [] []
[2018-11-02 19:20:25] name.INFO: Se ha guardado una nueva imagen1541186424 que-come-pinguino.jpg [] []
[2018-11-02 19:20:47] name.INFO: Se ha guardado un nuevo asociado Probando Asociados Video [] []
[2018-11-02 19:33:22] name.INFO: Se ha guardado una nueva imagen1541187202 4541496742708-Pinguino.jpg [] []
[2018-11-02 19:33:35] name.INFO: Se ha guardado una nueva imagen1541187215 que-come-pinguino.jpg [] []
[2018-11-02 19:34:02] name.INFO: Se ha guardado un nuevo asociado Probando asociados final [] []
